npm WARN checkPermissions Missing write access to /Users/io/node_modules
npm WARN checkPermissions Missing write access to /Users/io/node_modules/@types
npm WARN enoent ENOENT: no such file or directory, open '/Users/io/package.json'
npm WARN babel-loader@6.4.1 requires a peer of webpack@1 || 2 || ^2.1.0-beta || ^2.2.0-rc but none is installed. You must install peer dependencies yourself.
npm WARN prop-types-extra@1.0.1 requires a peer of react@>=0.14.0 but none is installed. You must install peer dependencies yourself.
npm WARN react-bootstrap@0.31.5 requires a peer of react@^0.14.9 || >=15.3.0 but none is installed. You must install peer dependencies yourself.
npm WARN react-bootstrap@0.31.5 requires a peer of react-dom@^0.14.9 || >=15.3.0 but none is installed. You must install peer dependencies yourself.
npm WARN react-overlays@0.7.4 requires a peer of react@^0.14.9 || >=15.3.0 but none is installed. You must install peer dependencies yourself.
npm WARN react-overlays@0.7.4 requires a peer of react-dom@^0.14.9 || >=15.3.0 but none is installed. You must install peer dependencies yourself.
npm WARN react-three@0.9.7 requires a peer of react@^15.4.1 but none is installed. You must install peer dependencies yourself.
npm WARN react-three@0.9.7 requires a peer of react-dom@^15.4.1 but none is installed. You must install peer dependencies yourself.
npm WARN react-three@0.9.7 requires a peer of three@^0.83.0 but none is installed. You must install peer dependencies yourself.
npm WARN uncontrollable@4.1.0 requires a peer of react@>=0.11.0 but none is installed. You must install peer dependencies yourself.
npm WARN io No description
npm WARN io No repository field.
npm WARN io No README data
npm WARN io No license field.

npm ERR! path /Users/io/node_modules
npm ERR! code EACCES
npm ERR! errno -13
npm ERR! syscall access
npm ERR! Error: EACCES: permission denied, access '/Users/io/node_modules'
npm ERR!  { [Error: EACCES: permission denied, access '/Users/io/node_modules']
npm ERR!   stack:
npm ERR!    'Error: EACCES: permission denied, access \'/Users/io/node_modules\'',
npm ERR!   errno: -13,
npm ERR!   code: 'EACCES',
npm ERR!   syscall: 'access',
npm ERR!   path: '/Users/io/node_modules' }
npm ERR! 
npm ERR! The operation was rejected by your operating system.
npm ERR! It is likely you do not have the permissions to access this file as the current user
npm ERR! 
npm ERR! If you believe this might be a permissions issue, please double-check the
npm ERR! permissions of the file and its containing directories, or try running
npm ERR! the command again as root/Administrator (though this is not recommended).

npm ERR! A complete log of this run can be found in:
npm ERR!     /Users/io/.npm/_logs/2019-10-23T00_58_36_623Z-debug.log
